<?xml version="1.0" encoding="UTF-8"?>
<!-- Generated by org.testng.reporters.JUnitReportReporter -->
<testsuite skipped="0" hostname="DESKTOP-5KAN26T" name="com.training.sanity.tests.ChangePassword_TC06" tests="4" failures="0" timestamp="19 Dec 2018 10:27:07 GMT" time="7.665" errors="0">
  <testcase name="validHomeTest" time="0.992" classname="com.training.sanity.tests.ChangePassword_TC06"/>
  <testcase name="changePasswordTest" time="2.312" classname="com.training.sanity.tests.ChangePassword_TC06"/>
  <testcase name="changePasswordTest" time="2.424" classname="com.training.sanity.tests.ChangePassword_TC06"/>
  <testcase name="validLoginTest" time="1.937" classname="com.training.sanity.tests.ChangePassword_TC06"/>
</testsuite> <!-- com.training.sanity.tests.ChangePassword_TC06 -->
