<?xml version="1.0" encoding="UTF-8"?>
<!-- Generated by org.testng.reporters.JUnitReportReporter -->
<testsuite skipped="0" hostname="DESKTOP-5KAN26T" name="com.training.sanity.tests.Cyclos_TC08" tests="2" failures="0" timestamp="20 Dec 2018 11:05:23 GMT" time="3.321" errors="0">
  <testcase name="validLoginTest" time="2.274" classname="com.training.sanity.tests.Cyclos_TC08"/>
  <testcase name="validHomeTest" time="1.047" classname="com.training.sanity.tests.Cyclos_TC08"/>
</testsuite> <!-- com.training.sanity.tests.Cyclos_TC08 -->
