<?xml version="1.0" encoding="UTF-8"?>
<!-- Generated by org.testng.reporters.JUnitReportReporter -->
<testsuite skipped="0" hostname="DESKTOP-5KAN26T" name="com.training.sanity.tests.Cyclos_TC26" tests="2" failures="0" timestamp="20 Dec 2018 11:05:23 GMT" time="4.879" errors="0">
  <testcase name="loginPageTest" time="2.866" classname="com.training.sanity.tests.Cyclos_TC26"/>
  <testcase name="verifyManageLoans" time="2.013" classname="com.training.sanity.tests.Cyclos_TC26"/>
</testsuite> <!-- com.training.sanity.tests.Cyclos_TC26 -->
