<?xml version="1.0" encoding="UTF-8"?>
<!-- Generated by org.testng.reporters.JUnitReportReporter -->
<testsuite skipped="0" hostname="DESKTOP-5KAN26T" name="com.training.sanity.tests.Cyclos_TC08" tests="2" failures="0" timestamp="19 Dec 2018 12:31:27 GMT" time="3.063" errors="0">
  <testcase name="validHomeTest" time="1.039" classname="com.training.sanity.tests.Cyclos_TC08"/>
  <testcase name="validLoginTest" time="2.024" classname="com.training.sanity.tests.Cyclos_TC08"/>
</testsuite> <!-- com.training.sanity.tests.Cyclos_TC08 -->
