<?xml version="1.0" encoding="UTF-8"?>
<!-- Generated by org.testng.reporters.JUnitReportReporter -->
<testsuite skipped="0" hostname="DESKTOP-5KAN26T" name="com.training.sanity.tests.Cyclos_TC07" tests="3" failures="0" timestamp="20 Dec 2018 11:05:23 GMT" time="5.159" errors="0">
  <testcase name="changePasswordTest" time="1.655" classname="com.training.sanity.tests.Cyclos_TC07"/>
  <testcase name="validLoginTest" time="2.107" classname="com.training.sanity.tests.Cyclos_TC07"/>
  <testcase name="validHomeTest" time="1.397" classname="com.training.sanity.tests.Cyclos_TC07"/>
</testsuite> <!-- com.training.sanity.tests.Cyclos_TC07 -->
