<?xml version="1.0" encoding="UTF-8"?>
<!-- Generated by org.testng.reporters.JUnitReportReporter -->
<testsuite skipped="0" hostname="DESKTOP-5KAN26T" name="com.training.sanity.tests.Cyclos_TC07" tests="3" failures="0" timestamp="19 Dec 2018 12:31:27 GMT" time="4.409" errors="0">
  <testcase name="changePasswordTest" time="1.482" classname="com.training.sanity.tests.Cyclos_TC07"/>
  <testcase name="validLoginTest" time="1.796" classname="com.training.sanity.tests.Cyclos_TC07"/>
  <testcase name="validHomeTest" time="1.131" classname="com.training.sanity.tests.Cyclos_TC07"/>
</testsuite> <!-- com.training.sanity.tests.Cyclos_TC07 -->
