<?xml version="1.0" encoding="UTF-8"?>
<!-- Generated by org.testng.reporters.JUnitReportReporter -->
<testsuite skipped="0" hostname="DESKTOP-5KAN26T" name="com.training.sanity.tests.Cyclos_TC06" tests="4" failures="0" timestamp="20 Dec 2018 11:05:23 GMT" time="8.044" errors="0">
  <testcase name="changePasswordTest" time="2.321" classname="com.training.sanity.tests.Cyclos_TC06"/>
  <testcase name="validLoginTest" time="2.373" classname="com.training.sanity.tests.Cyclos_TC06"/>
  <testcase name="changePasswordTest" time="2.200" classname="com.training.sanity.tests.Cyclos_TC06"/>
  <testcase name="validHomeTest" time="1.150" classname="com.training.sanity.tests.Cyclos_TC06"/>
</testsuite> <!-- com.training.sanity.tests.Cyclos_TC06 -->
