<?xml version="1.0" encoding="UTF-8"?>
<!-- Generated by org.testng.reporters.JUnitReportReporter -->
<testsuite skipped="0" hostname="DESKTOP-5KAN26T" name="com.training.sanity.tests.Cyclos_TC09" tests="2" failures="0" timestamp="20 Dec 2018 11:05:23 GMT" time="4.375" errors="0">
  <testcase name="profilePageTest" time="1.966" classname="com.training.sanity.tests.Cyclos_TC09"/>
  <testcase name="loginPageTest" time="2.409" classname="com.training.sanity.tests.Cyclos_TC09"/>
</testsuite> <!-- com.training.sanity.tests.Cyclos_TC09 -->
